<?xml version="1.0" encoding="UTF-8"?>
<testsuite xmlns:xsi="http://www.w3.org/2001/XMLSchema-instance" xsi:noNamespaceSchemaLocation="https://maven.apache.org/surefire/maven-surefire-plugin/xsd/surefire-test-report.xsd" name="com.app.model.ItemInSaleTest" time="0" tests="1" errors="0" skipped="0" failures="0">
  <properties>
    <property name="java.specification.version" value="21"/>
    <property name="sun.jnu.encoding" value="UTF-8"/>
    <property name="java.class.path" value="/home/broli/KTH/iv1350/project/process-sale/target/test-classes:/home/broli/KTH/iv1350/project/process-sale/target/classes:/home/broli/.m2/repository/junit/junit/4.11/junit-4.11.jar:/home/broli/.m2/repository/org/hamcrest/hamcrest-core/1.3/hamcrest-core-1.3.jar:/home/broli/.m2/repository/org/junit/jupiter/junit-jupiter-api/5.3.1/junit-jupiter-api-5.3.1.jar:/home/broli/.m2/repository/org/apiguardian/apiguardian-api/1.0.0/apiguardian-api-1.0.0.jar:/home/broli/.m2/repository/org/opentest4j/opentest4j/1.1.1/opentest4j-1.1.1.jar:/home/broli/.m2/repository/org/junit/platform/junit-platform-commons/1.3.1/junit-platform-commons-1.3.1.jar:/home/broli/.m2/repository/org/junit/jupiter/junit-jupiter-params/5.3.1/junit-jupiter-params-5.3.1.jar:/home/broli/.m2/repository/org/junit/jupiter/junit-jupiter-engine/5.3.1/junit-jupiter-engine-5.3.1.jar:/home/broli/.m2/repository/org/junit/platform/junit-platform-engine/1.3.1/junit-platform-engine-1.3.1.jar:"/>
    <property name="java.vm.vendor" value="Oracle Corporation"/>
    <property name="sun.arch.data.model" value="64"/>
    <property name="java.vendor.url" value="https://openjdk.org/"/>
    <property name="os.name" value="Linux"/>
    <property name="java.vm.specification.version" value="21"/>
    <property name="sun.java.launcher" value="SUN_STANDARD"/>
    <property name="user.country" value="US"/>
    <property name="sun.boot.library.path" value="/nix/store/d6haga98ml8ahq6kd1whrisgydfz7ha9-openjdk-headless-21.0.5+11/lib/openjdk/lib"/>
    <property name="sun.java.command" value="/home/broli/KTH/iv1350/project/process-sale/target/surefire/surefirebooter545564443207206085.jar /home/broli/KTH/iv1350/project/process-sale/target/surefire 2025-04-29T16-46-37_712-jvmRun1 surefire8872304619291665004tmp surefire_0626877568122088320tmp"/>
    <property name="jdk.debug" value="release"/>
    <property name="surefire.test.class.path" value="/home/broli/KTH/iv1350/project/process-sale/target/test-classes:/home/broli/KTH/iv1350/project/process-sale/target/classes:/home/broli/.m2/repository/junit/junit/4.11/junit-4.11.jar:/home/broli/.m2/repository/org/hamcrest/hamcrest-core/1.3/hamcrest-core-1.3.jar:/home/broli/.m2/repository/org/junit/jupiter/junit-jupiter-api/5.3.1/junit-jupiter-api-5.3.1.jar:/home/broli/.m2/repository/org/apiguardian/apiguardian-api/1.0.0/apiguardian-api-1.0.0.jar:/home/broli/.m2/repository/org/opentest4j/opentest4j/1.1.1/opentest4j-1.1.1.jar:/home/broli/.m2/repository/org/junit/platform/junit-platform-commons/1.3.1/junit-platform-commons-1.3.1.jar:/home/broli/.m2/repository/org/junit/jupiter/junit-jupiter-params/5.3.1/junit-jupiter-params-5.3.1.jar:/home/broli/.m2/repository/org/junit/jupiter/junit-jupiter-engine/5.3.1/junit-jupiter-engine-5.3.1.jar:/home/broli/.m2/repository/org/junit/platform/junit-platform-engine/1.3.1/junit-platform-engine-1.3.1.jar:"/>
    <property name="sun.cpu.endian" value="little"/>
    <property name="user.home" value="/home/broli"/>
    <property name="user.language" value="en"/>
    <property name="java.specification.vendor" value="Oracle Corporation"/>
    <property name="java.version.date" value="2024-10-15"/>
    <property name="java.home" value="/nix/store/d6haga98ml8ahq6kd1whrisgydfz7ha9-openjdk-headless-21.0.5+11/lib/openjdk"/>
    <property name="file.separator" value="/"/>
    <property name="basedir" value="/home/broli/KTH/iv1350/project/process-sale"/>
    <property name="java.vm.compressedOopsMode" value="Zero based"/>
    <property name="line.separator" value="&#10;"/>
    <property name="java.specification.name" value="Java Platform API Specification"/>
    <property name="java.vm.specification.vendor" value="Oracle Corporation"/>
    <property name="surefire.real.class.path" value="/home/broli/KTH/iv1350/project/process-sale/target/surefire/surefirebooter545564443207206085.jar"/>
    <property name="sun.management.compiler" value="HotSpot 64-Bit Tiered Compilers"/>
    <property name="java.runtime.version" value="21.0.5+1-nixos"/>
    <property name="user.name" value="broli"/>
    <property name="stdout.encoding" value="UTF-8"/>
    <property name="path.separator" value=":"/>
    <property name="os.version" value="6.6.87"/>
    <property name="java.runtime.name" value="OpenJDK Runtime Environment"/>
    <property name="file.encoding" value="UTF-8"/>
    <property name="java.vm.name" value="OpenJDK 64-Bit Server VM"/>
    <property name="localRepository" value="/home/broli/.m2/repository"/>
    <property name="java.vendor.url.bug" value="https://bugreport.java.com/bugreport/"/>
    <property name="java.io.tmpdir" value="/tmp"/>
    <property name="java.version" value="21.0.5"/>
    <property name="user.dir" value="/home/broli/KTH/iv1350/project/process-sale"/>
    <property name="os.arch" value="amd64"/>
    <property name="java.vm.specification.name" value="Java Virtual Machine Specification"/>
    <property name="native.encoding" value="UTF-8"/>
    <property name="java.library.path" value="/nix/store/vpybwyy8np0680dwnpsqc143r7lgwhkz-systemd-minimal-libs-257.3/lib:/nix/store/3vp6c1l75z0kw6wp9lpbc8lkdpvsmxyx-alsa-lib-1.2.13/lib:/nix/store/9g16ws1mgqa89p8y8iq8w0p652bc8zsf-vulkan-loader-1.4.304.0/lib:/nix/store/wfrgia7qj3ijrxl9irsqvjfz20qqx5fm-libX11-1.8.12/lib:/nix/store/f90pwkhqw3ddp8a006l536ckxnx8rlax-libXcursor-1.2.3/lib:/nix/store/yn7wjwgjlk7y53l73fljfvvzyw6hn624-libXi-1.8.2/lib:/nix/store/m5mvqvx6fyrsayz2rnab0yy64885fz6x-libXrandr-1.5.4/lib:/nix/store/qmlmyfxra64fvd42w7xkxxxnbvhzvh3w-libxkbcommon-1.7.0/lib:/nix/store/yd4670avwzw2fpfgfdwdkbj97n3jcgms-wayland-1.23.1/lib:/nix/store/q87df3dw0x7r1k9gagir9a5sdi3gmw4a-clang-wrapper-19.1.7/lib:/nix/store/d53xcc8zvrgsxwphkgc562gpnj8mmgf0-lld-19.1.7-lib/lib:/usr/java/packages/lib:/usr/lib64:/lib64:/lib:/usr/lib"/>
    <property name="java.vm.info" value="mixed mode, sharing"/>
    <property name="stderr.encoding" value="UTF-8"/>
    <property name="java.vendor" value="N/A"/>
    <property name="java.vm.version" value="21.0.5+1-nixos"/>
    <property name="sun.io.unicode.encoding" value="UnicodeLittle"/>
    <property name="java.class.version" value="65.0"/>
  </properties>
  <testcase name="testItemInSaleIncreaseCount" classname="com.app.model.ItemInSaleTest" time="0"/>
</testsuite>